2020-11-17 18:42:01,874 : INFO : tests.BaseTest : **********Running Login Test**********
2020-11-17 18:42:01,875 : INFO : tests.BaseTest : Entering username...
2020-11-17 18:42:02,002 : INFO : tests.BaseTest : Entering password...
2020-11-17 18:42:04,204 : INFO : tests.BaseTest : Logging in...
2020-11-17 18:42:04,252 : INFO : tests.BaseTest : Successfully logged in and landed on home page...
2020-11-17 18:42:04,253 : INFO : tests.BaseTest : **********Login Test Passed**********
2020-11-17 18:46:55,981 : INFO : tests.BaseTest : **********Running Home Page Links Test**********
2020-11-17 18:46:55,981 : INFO : tests.BaseTest : Logging into application...
2020-11-17 18:46:57,912 : INFO : tests.BaseTest : Successfully logged in and landed on home page...
2020-11-17 18:46:57,927 : INFO : tests.BaseTest : Verified number of links on home page...
2020-11-17 18:46:58,298 : INFO : tests.BaseTest : Verified links on home page...
2020-11-17 18:46:58,299 : INFO : tests.BaseTest : **********Home Page Links Test Passed**********
2020-11-18 16:30:22,908 : INFO : tests.BaseTest : **********Running Add New Customer Test**********
2020-11-18 16:30:22,909 : INFO : tests.BaseTest : Logging into application...
2020-11-18 16:30:24,903 : INFO : tests.BaseTest : Clicking on New Customer link...
2020-11-18 16:31:58,154 : INFO : tests.BaseTest : **********Running Add New Customer Test**********
2020-11-18 16:31:58,155 : INFO : tests.BaseTest : Logging into application...
2020-11-18 16:32:00,141 : INFO : tests.BaseTest : Clicking on New Customer link...
2020-11-18 16:32:00,754 : INFO : tests.BaseTest : Entering customer details...
2020-11-18 16:32:01,999 : INFO : tests.BaseTest : Submitting the form...
2020-11-18 16:32:03,848 : INFO : tests.BaseTest : Successfully registered the customer...
2020-11-18 16:32:03,888 : INFO : tests.BaseTest : A new customer with ID 68098 has been registered...
2020-11-18 16:32:03,888 : INFO : tests.BaseTest : **********Add New Customer Test Passed**********
2020-11-18 16:59:12,033 : INFO : tests.BaseTest : **********Running Edit Customer State Test**********
2020-11-18 16:59:12,034 : INFO : tests.BaseTest : Logging into application...
2020-11-18 16:59:13,956 : INFO : tests.BaseTest : Clicking on Edit Customer...
2020-11-18 17:00:56,432 : INFO : tests.BaseTest : **********Running Edit Customer State Test**********
2020-11-18 17:00:56,432 : INFO : tests.BaseTest : Logging into application...
2020-11-18 17:00:58,526 : INFO : tests.BaseTest : Clicking on Edit Customer...
2020-11-18 17:01:00,091 : INFO : tests.BaseTest : Entered cutomer ID...
2020-11-18 17:01:01,224 : INFO : tests.BaseTest : Modified the state value...
2020-11-18 17:01:02,523 : INFO : tests.BaseTest : Submitted the change...
2020-11-18 17:01:02,585 : INFO : tests.BaseTest : Customer state updated successfully...
2020-11-18 17:01:02,585 : INFO : tests.BaseTest : **********Edit Customer State Test Passed**********
2020-11-22 17:52:21,722 : INFO : tests.BaseTest : **********Running Login Test**********
2020-11-22 17:52:21,723 : INFO : tests.BaseTest : Entering username...
2020-11-22 17:52:21,941 : INFO : tests.BaseTest : Entering password...
2020-11-22 17:52:23,346 : INFO : tests.BaseTest : Logging in...
2020-11-22 18:04:16,987 : INFO : tests.BaseTest : **********Running Login Test**********
2020-11-22 18:04:16,987 : INFO : tests.BaseTest : Entering username...
2020-11-22 18:04:17,240 : INFO : tests.BaseTest : Entering password...
2020-11-22 18:04:19,133 : INFO : tests.BaseTest : Logging in...
2020-11-22 18:04:19,168 : INFO : tests.BaseTest : Logged in successfully...
2020-11-22 18:05:18,931 : INFO : tests.BaseTest : **********Running Login Test**********
2020-11-22 18:05:18,931 : INFO : tests.BaseTest : Entering username...
2020-11-22 18:05:19,097 : INFO : tests.BaseTest : Entering password...
2020-11-22 18:05:20,996 : INFO : tests.BaseTest : Logging in...
2020-11-22 18:05:21,026 : INFO : tests.BaseTest : Logged in successfully...
2020-11-22 18:06:29,076 : INFO : tests.BaseTest : **********Running Login Test**********
2020-11-22 18:06:29,076 : INFO : tests.BaseTest : Entering username...
2020-11-22 18:06:29,231 : INFO : tests.BaseTest : Entering password...
2020-11-22 18:06:29,424 : INFO : tests.BaseTest : Logging in...
2020-11-22 18:06:29,456 : INFO : tests.BaseTest : Could not log in
2020-11-22 18:09:24,948 : INFO : tests.BaseTest : **********Running Login Test**********
2020-11-22 18:09:24,949 : INFO : tests.BaseTest : Entering username...
2020-11-22 18:09:25,107 : INFO : tests.BaseTest : Entering password...
2020-11-22 18:09:26,875 : INFO : tests.BaseTest : Logging in...
2020-11-22 18:09:26,908 : INFO : tests.BaseTest : Successfully logged in and landed on home page...
2020-11-22 18:09:26,908 : INFO : tests.BaseTest : **********Login Test Passed**********
2020-11-22 18:14:49,467 : INFO : tests.BaseTest : **********Running Data-driven Login Test**********
2020-11-22 18:14:49,467 : INFO : tests.BaseTest : Testing with data set 1...
2020-11-22 18:14:51,269 : INFO : tests.BaseTest : Logging in...
2020-11-22 18:14:51,300 : INFO : tests.BaseTest : Logged in successfully...
